2016-05-12 00:07:11,779 INFO: microblog startup [in /home/hank/code/flask/microblog/app/__init__.py:31]
2016-05-12 00:07:53,117 INFO: microblog startup [in /home/hank/code/flask/microblog/app/__init__.py:31]
2016-05-12 00:08:30,652 INFO: microblog startup [in /home/hank/code/flask/microblog/app/__init__.py:31]
2016-05-12 00:09:34,888 INFO: microblog startup [in /home/hank/code/flask/microblog/app/__init__.py:31]
2016-05-12 00:10:49,749 INFO: microblog startup [in /home/hank/code/flask/microblog/app/__init__.py:31]
2016-05-12 00:35:32,881 INFO: microblog startup [in /home/hank/code/flask/microblog/app/__init__.py:31]
2016-05-12 00:36:28,695 INFO: microblog startup [in /home/hank/code/flask/microblog/app/__init__.py:31]
2016-05-12 00:36:50,908 INFO: microblog startup [in /home/hank/code/flask/microblog/app/__init__.py:31]
2016-05-12 00:46:18,242 INFO: microblog startup [in /home/hank/code/flask/microblog/app/__init__.py:31]
2016-05-12 00:46:54,220 INFO: microblog startup [in /home/hank/code/flask/microblog/app/__init__.py:31]
2016-05-12 01:00:39,092 INFO: microblog startup [in /home/hank/code/flask/microblog/app/__init__.py:31]
2016-05-12 01:01:05,909 INFO: microblog startup [in /home/hank/code/flask/microblog/app/__init__.py:31]
2016-05-12 01:01:22,119 INFO: microblog startup [in /home/hank/code/flask/microblog/app/__init__.py:31]
2016-05-12 01:01:42,808 INFO: microblog startup [in /home/hank/code/flask/microblog/app/__init__.py:31]
2016-05-12 01:17:57,164 INFO: microblog startup [in /home/hank/code/flask/microblog/app/__init__.py:31]
2016-05-12 01:20:18,769 INFO: microblog startup [in /home/hank/code/flask/microblog/app/__init__.py:31]
2016-05-12 01:22:11,583 INFO: microblog startup [in /home/hank/code/flask/microblog/app/__init__.py:31]
2016-05-12 01:23:07,599 INFO: microblog startup [in /home/hank/code/flask/microblog/app/__init__.py:31]
2016-05-12 02:28:57,133 INFO: microblog startup [in /home/hank/code/flask/microblog/app/__init__.py:31]
2016-05-12 02:29:27,804 INFO: microblog startup [in /home/hank/code/flask/microblog/app/__init__.py:31]
2016-05-12 02:29:37,880 INFO: microblog startup [in /home/hank/code/flask/microblog/app/__init__.py:31]
2016-05-12 02:29:38,189 INFO: microblog startup [in /home/hank/code/flask/microblog/app/__init__.py:31]
2016-05-12 02:30:27,142 INFO: microblog startup [in /home/hank/code/flask/microblog/app/__init__.py:31]
2016-05-12 02:30:47,728 INFO: microblog startup [in /home/hank/code/flask/microblog/app/__init__.py:31]
2016-05-12 02:31:12,358 INFO: microblog startup [in /home/hank/code/flask/microblog/app/__init__.py:31]
2016-05-12 02:31:49,186 INFO: microblog startup [in /home/hank/code/flask/microblog/app/__init__.py:31]
2016-05-12 02:32:15,139 INFO: microblog startup [in /home/hank/code/flask/microblog/app/__init__.py:31]
2016-05-12 02:32:15,459 INFO: microblog startup [in /home/hank/code/flask/microblog/app/__init__.py:31]
2016-05-12 02:40:01,507 INFO: microblog startup [in /home/hank/code/flask/microblog/app/__init__.py:31]
2016-05-12 02:40:31,221 INFO: microblog startup [in /home/hank/code/flask/microblog/app/__init__.py:31]
2016-05-12 23:14:48,499 INFO: microblog startup [in /home/hank/code/flask/microblog/app/__init__.py:31]
2016-05-12 23:15:11,257 INFO: microblog startup [in /home/hank/code/flask/microblog/app/__init__.py:31]
2016-05-12 23:15:11,753 INFO: microblog startup [in /home/hank/code/flask/microblog/app/__init__.py:31]
2016-05-12 23:18:09,420 INFO: microblog startup [in /home/hank/code/flask/microblog/app/__init__.py:31]
2016-05-12 23:21:53,471 INFO: microblog startup [in /home/hank/code/flask/microblog/app/__init__.py:31]
2016-05-12 23:22:10,035 INFO: microblog startup [in /home/hank/code/flask/microblog/app/__init__.py:31]
2016-05-12 23:32:46,312 INFO: microblog startup [in /home/hank/code/flask/microblog/app/__init__.py:31]
2016-05-12 23:32:48,707 INFO: microblog startup [in /home/hank/code/flask/microblog/app/__init__.py:31]
2016-05-12 23:43:17,759 INFO: microblog startup [in /home/hank/code/flask/microblog/app/__init__.py:31]
2016-05-12 23:43:57,235 INFO: microblog startup [in /home/hank/code/flask/microblog/app/__init__.py:31]
2016-05-12 23:51:21,359 INFO: microblog startup [in /home/hank/code/flask/microblog/app/__init__.py:31]
2016-05-12 23:51:34,284 INFO: microblog startup [in /home/hank/code/flask/microblog/app/__init__.py:31]
2016-05-12 23:51:34,594 INFO: microblog startup [in /home/hank/code/flask/microblog/app/__init__.py:31]
2016-05-12 23:57:47,539 INFO: microblog startup [in /home/hank/code/flask/microblog/app/__init__.py:31]
2016-05-13 00:00:12,622 INFO: microblog startup [in /home/hank/code/flask/microblog/app/__init__.py:31]
2016-05-13 00:05:59,047 INFO: microblog startup [in /home/hank/code/flask/microblog/app/__init__.py:31]
2016-05-13 00:06:45,990 INFO: microblog startup [in /home/hank/code/flask/microblog/app/__init__.py:31]
2016-05-13 00:07:41,351 INFO: microblog startup [in /home/hank/code/flask/microblog/app/__init__.py:31]
2016-05-13 00:07:41,664 INFO: microblog startup [in /home/hank/code/flask/microblog/app/__init__.py:31]
2016-05-13 00:08:29,684 INFO: microblog startup [in /home/hank/code/flask/microblog/app/__init__.py:31]
2016-05-13 00:09:01,461 INFO: microblog startup [in /home/hank/code/flask/microblog/app/__init__.py:31]
2016-05-13 00:09:08,991 INFO: microblog startup [in /home/hank/code/flask/microblog/app/__init__.py:31]
2016-05-13 00:09:09,310 INFO: microblog startup [in /home/hank/code/flask/microblog/app/__init__.py:31]
2016-05-13 00:19:25,160 INFO: microblog startup [in /home/hank/code/flask/microblog/app/__init__.py:31]
2016-05-13 00:20:44,507 INFO: microblog startup [in /home/hank/code/flask/microblog/app/__init__.py:31]
2016-05-13 00:57:37,449 INFO: microblog startup [in /home/hank/code/flask/microblog/app/__init__.py:31]
2016-05-13 00:59:10,355 INFO: microblog startup [in /home/hank/code/flask/microblog/app/__init__.py:31]
2016-05-13 00:59:18,361 INFO: microblog startup [in /home/hank/code/flask/microblog/app/__init__.py:31]
2016-05-13 00:59:18,776 INFO: microblog startup [in /home/hank/code/flask/microblog/app/__init__.py:31]
2016-05-13 01:05:45,449 INFO: microblog startup [in /home/hank/code/flask/microblog/app/__init__.py:31]
2016-05-18 23:04:24,930 INFO: microblog startup [in /home/hank/code/flask/microblog/app/__init__.py:31]
2016-05-18 23:05:01,475 INFO: microblog startup [in /home/hank/code/flask/microblog/app/__init__.py:31]
2016-05-18 23:09:00,142 INFO: microblog startup [in /home/hank/code/flask/microblog/app/__init__.py:31]
2016-05-18 23:09:09,213 INFO: microblog startup [in /home/hank/code/flask/microblog/app/__init__.py:31]
2016-05-18 23:09:09,647 INFO: microblog startup [in /home/hank/code/flask/microblog/app/__init__.py:31]
2016-05-18 23:15:17,066 INFO: microblog startup [in /home/hank/code/flask/microblog/app/__init__.py:31]
2016-05-18 23:17:40,256 INFO: microblog startup [in /home/hank/code/flask/microblog/app/__init__.py:31]
2016-05-18 23:18:22,263 INFO: microblog startup [in /home/hank/code/flask/microblog/app/__init__.py:31]
2016-05-18 23:19:44,835 INFO: microblog startup [in /home/hank/code/flask/microblog/app/__init__.py:31]
2016-05-18 23:22:32,483 INFO: microblog startup [in /home/hank/code/flask/microblog/app/__init__.py:31]
2016-05-18 23:23:05,353 INFO: microblog startup [in /home/hank/code/flask/microblog/app/__init__.py:31]
2016-05-18 23:23:38,213 INFO: microblog startup [in /home/hank/code/flask/microblog/app/__init__.py:31]
2016-05-18 23:24:18,449 INFO: microblog startup [in /home/hank/code/flask/microblog/app/__init__.py:31]
2016-05-18 23:24:18,825 INFO: microblog startup [in /home/hank/code/flask/microblog/app/__init__.py:31]
2016-05-18 23:25:50,446 INFO: microblog startup [in /home/hank/code/flask/microblog/app/__init__.py:31]
2016-05-18 23:26:15,207 INFO: microblog startup [in /home/hank/code/flask/microblog/app/__init__.py:31]
2016-05-18 23:28:02,979 INFO: microblog startup [in /home/hank/code/flask/microblog/app/__init__.py:31]
2016-05-18 23:29:29,569 INFO: microblog startup [in /home/hank/code/flask/microblog/app/__init__.py:31]
2016-05-18 23:29:55,395 INFO: microblog startup [in /home/hank/code/flask/microblog/app/__init__.py:31]
2016-05-18 23:30:21,181 INFO: microblog startup [in /home/hank/code/flask/microblog/app/__init__.py:31]
2016-05-18 23:32:31,458 INFO: microblog startup [in /home/hank/code/flask/microblog/app/__init__.py:31]
2016-05-18 23:33:06,409 INFO: microblog startup [in /home/hank/code/flask/microblog/app/__init__.py:31]
2016-05-18 23:42:42,610 INFO: microblog startup [in /home/hank/code/flask/microblog/app/__init__.py:31]
2016-05-18 23:43:16,490 INFO: microblog startup [in /home/hank/code/flask/microblog/app/__init__.py:31]
2016-05-18 23:43:16,873 INFO: microblog startup [in /home/hank/code/flask/microblog/app/__init__.py:31]
2016-05-18 23:43:56,869 INFO: microblog startup [in /home/hank/code/flask/microblog/app/__init__.py:31]
2016-05-18 23:50:54,044 INFO: microblog startup [in /home/hank/code/flask/microblog/app/__init__.py:31]
2016-05-18 23:55:46,387 INFO: microblog startup [in /home/hank/code/flask/microblog/app/__init__.py:31]
2016-05-18 23:57:25,113 INFO: microblog startup [in /home/hank/code/flask/microblog/app/__init__.py:31]
2016-05-19 00:02:17,464 INFO: microblog startup [in /home/hank/code/flask/microblog/app/__init__.py:31]
2016-05-19 00:03:15,669 INFO: microblog startup [in /home/hank/code/flask/microblog/app/__init__.py:31]
2016-05-19 00:04:22,972 INFO: microblog startup [in /home/hank/code/flask/microblog/app/__init__.py:31]
2016-05-19 00:06:03,828 INFO: microblog startup [in /home/hank/code/flask/microblog/app/__init__.py:31]
2016-05-19 00:08:40,447 INFO: microblog startup [in /home/hank/code/flask/microblog/app/__init__.py:31]
2016-05-19 00:50:42,076 INFO: microblog startup [in /home/hank/code/flask/microblog/app/__init__.py:31]
2016-05-19 00:50:42,466 INFO: microblog startup [in /home/hank/code/flask/microblog/app/__init__.py:31]
2016-05-19 00:52:16,248 INFO: microblog startup [in /home/hank/code/flask/microblog/app/__init__.py:31]
2016-05-19 00:55:36,422 INFO: microblog startup [in /home/hank/code/flask/microblog/app/__init__.py:31]
2016-05-19 00:56:08,247 INFO: microblog startup [in /home/hank/code/flask/microblog/app/__init__.py:31]
2016-05-19 00:57:09,545 INFO: microblog startup [in /home/hank/code/flask/microblog/app/__init__.py:31]
2016-05-19 01:00:05,315 INFO: microblog startup [in /home/hank/code/flask/microblog/app/__init__.py:31]
2016-05-19 01:02:12,437 INFO: microblog startup [in /home/hank/code/flask/microblog/app/__init__.py:31]
2016-05-19 01:03:13,728 INFO: microblog startup [in /home/hank/code/flask/microblog/app/__init__.py:31]
2016-05-19 01:04:30,224 INFO: microblog startup [in /home/hank/code/flask/microblog/app/__init__.py:31]
2016-05-19 01:07:31,155 INFO: microblog startup [in /home/hank/code/flask/microblog/app/__init__.py:31]
2016-05-19 01:12:46,964 INFO: microblog startup [in /home/hank/code/flask/microblog/app/__init__.py:31]
2016-05-19 01:18:28,939 INFO: microblog startup [in /home/hank/code/flask/microblog/app/__init__.py:31]
2016-05-19 01:21:22,667 INFO: microblog startup [in /home/hank/code/flask/microblog/app/__init__.py:31]
2016-05-19 01:22:34,107 INFO: microblog startup [in /home/hank/code/flask/microblog/app/__init__.py:31]
2016-05-19 01:23:05,992 INFO: microblog startup [in /home/hank/code/flask/microblog/app/__init__.py:31]
2016-05-19 01:23:25,702 INFO: microblog startup [in /home/hank/code/flask/microblog/app/__init__.py:31]
2016-05-19 01:24:06,682 INFO: microblog startup [in /home/hank/code/flask/microblog/app/__init__.py:31]
2016-05-19 01:24:34,484 INFO: microblog startup [in /home/hank/code/flask/microblog/app/__init__.py:31]
2016-05-19 01:31:07,135 INFO: microblog startup [in /home/hank/code/flask/microblog/app/__init__.py:31]
2016-05-19 01:32:13,487 INFO: microblog startup [in /home/hank/code/flask/microblog/app/__init__.py:31]
2016-05-19 01:32:45,651 INFO: microblog startup [in /home/hank/code/flask/microblog/app/__init__.py:31]
2016-05-19 01:32:58,626 INFO: microblog startup [in /home/hank/code/flask/microblog/app/__init__.py:31]
2016-05-19 01:32:59,009 INFO: microblog startup [in /home/hank/code/flask/microblog/app/__init__.py:31]
2016-05-19 01:35:57,895 INFO: microblog startup [in /home/hank/code/flask/microblog/app/__init__.py:31]
2016-05-19 02:11:57,980 INFO: microblog startup [in /home/hank/code/flask/microblog/app/__init__.py:31]
2016-05-19 02:11:58,364 INFO: microblog startup [in /home/hank/code/flask/microblog/app/__init__.py:31]
2016-05-19 02:20:08,296 INFO: microblog startup [in /home/hank/code/flask/microblog/app/__init__.py:31]
2016-05-19 02:23:49,888 INFO: microblog startup [in /home/hank/code/flask/microblog/app/__init__.py:31]
2016-05-19 02:33:54,630 INFO: microblog startup [in /home/hank/code/flask/microblog/app/__init__.py:31]
2016-05-19 02:38:38,894 INFO: microblog startup [in /home/hank/code/flask/microblog/app/__init__.py:31]
2016-05-19 02:43:28,240 INFO: microblog startup [in /home/hank/code/flask/microblog/app/__init__.py:31]
2016-05-19 02:45:03,026 INFO: microblog startup [in /home/hank/code/flask/microblog/app/__init__.py:31]
2016-05-19 23:32:59,033 INFO: microblog startup [in /home/hank/code/flask/microblog/app/__init__.py:31]
2016-05-19 23:33:00,272 INFO: microblog startup [in /home/hank/code/flask/microblog/app/__init__.py:31]
2016-05-20 00:38:28,975 INFO: microblog startup [in /home/hank/code/flask/microblog/app/__init__.py:31]
2016-05-20 00:40:20,113 INFO: microblog startup [in /home/hank/code/flask/microblog/app/__init__.py:31]
2016-05-20 00:41:41,752 INFO: microblog startup [in /home/hank/code/flask/microblog/app/__init__.py:31]
2016-05-20 01:47:09,897 INFO: microblog startup [in /home/hank/code/flask/microblog/app/__init__.py:31]
2016-05-20 01:47:42,846 INFO: microblog startup [in /home/hank/code/flask/microblog/app/__init__.py:31]
2016-05-20 02:21:52,809 INFO: microblog startup [in /home/hank/code/flask/microblog/app/__init__.py:31]
2016-05-20 02:23:35,773 INFO: microblog startup [in /home/hank/code/flask/microblog/app/__init__.py:31]
2016-05-20 02:32:32,091 INFO: microblog startup [in /home/hank/code/flask/microblog/app/__init__.py:31]
2016-05-20 02:35:52,532 INFO: microblog startup [in /home/hank/code/flask/microblog/app/__init__.py:31]
2016-05-20 02:42:08,444 INFO: microblog startup [in /home/hank/code/flask/microblog/app/__init__.py:31]
2016-05-20 03:30:42,459 INFO: microblog startup [in /home/hank/code/flask/microblog/app/__init__.py:31]
2016-05-20 03:30:42,858 INFO: microblog startup [in /home/hank/code/flask/microblog/app/__init__.py:31]
2016-05-20 03:44:59,550 INFO: microblog startup [in /home/hank/code/flask/microblog/app/__init__.py:31]
2016-05-20 03:44:59,942 INFO: microblog startup [in /home/hank/code/flask/microblog/app/__init__.py:31]
2016-05-20 03:49:03,129 INFO: microblog startup [in /home/hank/code/flask/microblog/app/__init__.py:31]
2016-05-20 03:49:03,540 INFO: microblog startup [in /home/hank/code/flask/microblog/app/__init__.py:31]
2016-05-20 19:55:15,442 INFO: microblog startup [in /home/hank/code/flask/microblog/app/__init__.py:31]
2016-05-20 20:00:25,351 INFO: microblog startup [in /home/hank/code/flask/microblog/app/__init__.py:31]
2016-05-20 20:00:27,810 INFO: microblog startup [in /home/hank/code/flask/microblog/app/__init__.py:31]
2016-05-20 20:01:06,799 INFO: microblog startup [in /home/hank/code/flask/microblog/app/__init__.py:31]
2016-05-20 20:03:14,081 INFO: microblog startup [in /home/hank/code/flask/microblog/app/__init__.py:31]
2016-05-20 20:06:35,353 INFO: microblog startup [in /home/hank/code/flask/microblog/app/__init__.py:31]
2016-05-20 20:08:54,694 INFO: microblog startup [in /home/hank/code/flask/microblog/app/__init__.py:31]
2016-05-20 20:17:17,951 INFO: microblog startup [in /home/hank/code/flask/microblog/app/__init__.py:31]
2016-05-20 20:17:30,642 INFO: microblog startup [in /home/hank/code/flask/microblog/app/__init__.py:31]
2016-05-20 20:35:21,676 INFO: microblog startup [in /home/hank/code/flask/microblog/app/__init__.py:31]
2016-05-20 20:39:25,459 INFO: microblog startup [in /home/hank/code/flask/microblog/app/__init__.py:31]
2016-05-20 20:39:25,842 INFO: microblog startup [in /home/hank/code/flask/microblog/app/__init__.py:31]
2016-05-20 20:40:29,207 INFO: microblog startup [in /home/hank/code/flask/microblog/app/__init__.py:31]
2016-05-20 20:40:39,822 INFO: microblog startup [in /home/hank/code/flask/microblog/app/__init__.py:31]
2016-05-20 20:44:12,155 INFO: microblog startup [in /home/hank/code/flask/microblog/app/__init__.py:31]
2016-05-20 20:44:31,940 INFO: microblog startup [in /home/hank/code/flask/microblog/app/__init__.py:31]
2016-05-20 20:45:33,294 INFO: microblog startup [in /home/hank/code/flask/microblog/app/__init__.py:31]
2016-05-20 21:25:12,269 INFO: microblog startup [in /home/hank/code/flask/microblog/app/__init__.py:31]
2016-05-20 21:25:58,420 INFO: microblog startup [in /home/hank/code/flask/microblog/app/__init__.py:34]
2016-05-21 00:06:11,055 INFO: microblog startup [in /home/hank/code/flask/microblog/app/__init__.py:34]
2016-05-21 00:30:05,554 INFO: microblog startup [in /home/hank/code/flask/microblog/app/__init__.py:34]
2016-05-21 00:39:04,749 INFO: microblog startup [in /home/hank/code/flask/microblog/app/__init__.py:34]
2016-05-21 00:40:15,901 INFO: microblog startup [in /home/hank/code/flask/microblog/app/__init__.py:34]
2016-05-21 00:40:16,292 INFO: microblog startup [in /home/hank/code/flask/microblog/app/__init__.py:34]
2016-05-21 00:42:46,793 INFO: microblog startup [in /home/hank/code/flask/microblog/app/__init__.py:34]
2016-05-21 00:44:18,521 INFO: microblog startup [in /home/hank/code/flask/microblog/app/__init__.py:34]
2016-05-21 00:44:38,263 INFO: microblog startup [in /home/hank/code/flask/microblog/app/__init__.py:34]
2016-05-23 22:51:36,538 INFO: microblog startup [in /home/hank/code/flask/microblog/app/__init__.py:34]
2016-05-23 22:51:55,901 ERROR: Exception on / [GET] [in /home/hank/code/flask/microblog/flask/local/lib/python2.7/site-packages/flask/app.py:1423]
Traceback (most recent call last):
  File "/home/hank/code/flask/microblog/flask/local/lib/python2.7/site-packages/flask/app.py", line 1817, in wsgi_app
    response = self.full_dispatch_request()
  File "/home/hank/code/flask/microblog/flask/local/lib/python2.7/site-packages/flask/app.py", line 1477, in full_dispatch_request
    rv = self.handle_user_exception(e)
  File "/home/hank/code/flask/microblog/flask/local/lib/python2.7/site-packages/flask/app.py", line 1381, in handle_user_exception
    reraise(exc_type, exc_value, tb)
  File "/home/hank/code/flask/microblog/flask/local/lib/python2.7/site-packages/flask/app.py", line 1475, in full_dispatch_request
    rv = self.dispatch_request()
  File "/home/hank/code/flask/microblog/flask/local/lib/python2.7/site-packages/flask/app.py", line 1461, in dispatch_request
    return self.view_functions[rule.endpoint](**req.view_args)
  File "/home/hank/code/flask/microblog/flask/local/lib/python2.7/site-packages/flask_login.py", line 792, in decorated_view
    return func(*args, **kwargs)
  File "/home/hank/code/flask/microblog/app/views.py", line 72, in index
    return render_template('index.html', title='Home', user=g.user, form=form, posts=posts, max_post_length=app.config['MAX_POST_LENGTH'], inspiration=choice(app.config['MSG']['inspiration']))
  File "/home/hank/code/flask/microblog/flask/local/lib/python2.7/site-packages/flask/templating.py", line 128, in render_template
    context, ctx.app)
  File "/home/hank/code/flask/microblog/flask/local/lib/python2.7/site-packages/flask/templating.py", line 110, in _render
    rv = template.render(context)
  File "/home/hank/code/flask/microblog/flask/local/lib/python2.7/site-packages/jinja2/environment.py", line 989, in render
    return self.environment.handle_exception(exc_info, True)
  File "/home/hank/code/flask/microblog/flask/local/lib/python2.7/site-packages/jinja2/environment.py", line 754, in handle_exception
    reraise(exc_type, exc_value, tb)
  File "/home/hank/code/flask/microblog/app/templates/post.html", line 6, in template
    <i><a href="{{ url_for('user', handle=post.author.handle, page=1) }}">{{ post.author.handle }}</a> said <a href="#" name="time_stamp" style="color: #b0b0b0" data-toggle="tooltip" data-placement="top" title="{{ post.timestamp.strftime('%Y-%m-%dT%H:%M:%S Z') }}"> {{ momentjs(post.timestamp).fromNow() }}</a>:</i><br>{{ post.body|markdown }}</div>
TemplateAssertionError: no filter named 'markdown'
2016-05-23 22:52:15,823 ERROR: Exception on / [GET] [in /home/hank/code/flask/microblog/flask/local/lib/python2.7/site-packages/flask/app.py:1423]
Traceback (most recent call last):
  File "/home/hank/code/flask/microblog/flask/local/lib/python2.7/site-packages/flask/app.py", line 1817, in wsgi_app
    response = self.full_dispatch_request()
  File "/home/hank/code/flask/microblog/flask/local/lib/python2.7/site-packages/flask/app.py", line 1477, in full_dispatch_request
    rv = self.handle_user_exception(e)
  File "/home/hank/code/flask/microblog/flask/local/lib/python2.7/site-packages/flask/app.py", line 1381, in handle_user_exception
    reraise(exc_type, exc_value, tb)
  File "/home/hank/code/flask/microblog/flask/local/lib/python2.7/site-packages/flask/app.py", line 1475, in full_dispatch_request
    rv = self.dispatch_request()
  File "/home/hank/code/flask/microblog/flask/local/lib/python2.7/site-packages/flask/app.py", line 1461, in dispatch_request
    return self.view_functions[rule.endpoint](**req.view_args)
  File "/home/hank/code/flask/microblog/flask/local/lib/python2.7/site-packages/flask_login.py", line 792, in decorated_view
    return func(*args, **kwargs)
  File "/home/hank/code/flask/microblog/app/views.py", line 72, in index
    return render_template('index.html', title='Home', user=g.user, form=form, posts=posts, max_post_length=app.config['MAX_POST_LENGTH'], inspiration=choice(app.config['MSG']['inspiration']))
  File "/home/hank/code/flask/microblog/flask/local/lib/python2.7/site-packages/flask/templating.py", line 128, in render_template
    context, ctx.app)
  File "/home/hank/code/flask/microblog/flask/local/lib/python2.7/site-packages/flask/templating.py", line 110, in _render
    rv = template.render(context)
  File "/home/hank/code/flask/microblog/flask/local/lib/python2.7/site-packages/jinja2/environment.py", line 989, in render
    return self.environment.handle_exception(exc_info, True)
  File "/home/hank/code/flask/microblog/flask/local/lib/python2.7/site-packages/jinja2/environment.py", line 754, in handle_exception
    reraise(exc_type, exc_value, tb)
  File "/home/hank/code/flask/microblog/app/templates/post.html", line 6, in template
    <i><a href="{{ url_for('user', handle=post.author.handle, page=1) }}">{{ post.author.handle }}</a> said <a href="#" name="time_stamp" style="color: #b0b0b0" data-toggle="tooltip" data-placement="top" title="{{ post.timestamp.strftime('%Y-%m-%dT%H:%M:%S Z') }}"> {{ momentjs(post.timestamp).fromNow() }}</a>:</i><br>{{ post.body|markdown }}</div>
TemplateAssertionError: no filter named 'markdown'
2016-05-23 22:52:30,241 ERROR: Exception on /index [GET] [in /home/hank/code/flask/microblog/flask/local/lib/python2.7/site-packages/flask/app.py:1423]
Traceback (most recent call last):
  File "/home/hank/code/flask/microblog/flask/local/lib/python2.7/site-packages/flask/app.py", line 1817, in wsgi_app
    response = self.full_dispatch_request()
  File "/home/hank/code/flask/microblog/flask/local/lib/python2.7/site-packages/flask/app.py", line 1477, in full_dispatch_request
    rv = self.handle_user_exception(e)
  File "/home/hank/code/flask/microblog/flask/local/lib/python2.7/site-packages/flask/app.py", line 1381, in handle_user_exception
    reraise(exc_type, exc_value, tb)
  File "/home/hank/code/flask/microblog/flask/local/lib/python2.7/site-packages/flask/app.py", line 1475, in full_dispatch_request
    rv = self.dispatch_request()
  File "/home/hank/code/flask/microblog/flask/local/lib/python2.7/site-packages/flask/app.py", line 1461, in dispatch_request
    return self.view_functions[rule.endpoint](**req.view_args)
  File "/home/hank/code/flask/microblog/flask/local/lib/python2.7/site-packages/flask_login.py", line 792, in decorated_view
    return func(*args, **kwargs)
  File "/home/hank/code/flask/microblog/app/views.py", line 72, in index
    return render_template('index.html', title='Home', user=g.user, form=form, posts=posts, max_post_length=app.config['MAX_POST_LENGTH'], inspiration=choice(app.config['MSG']['inspiration']))
  File "/home/hank/code/flask/microblog/flask/local/lib/python2.7/site-packages/flask/templating.py", line 128, in render_template
    context, ctx.app)
  File "/home/hank/code/flask/microblog/flask/local/lib/python2.7/site-packages/flask/templating.py", line 110, in _render
    rv = template.render(context)
  File "/home/hank/code/flask/microblog/flask/local/lib/python2.7/site-packages/jinja2/environment.py", line 989, in render
    return self.environment.handle_exception(exc_info, True)
  File "/home/hank/code/flask/microblog/flask/local/lib/python2.7/site-packages/jinja2/environment.py", line 754, in handle_exception
    reraise(exc_type, exc_value, tb)
  File "/home/hank/code/flask/microblog/app/templates/post.html", line 6, in template
    <i><a href="{{ url_for('user', handle=post.author.handle, page=1) }}">{{ post.author.handle }}</a> said <a href="#" name="time_stamp" style="color: #b0b0b0" data-toggle="tooltip" data-placement="top" title="{{ post.timestamp.strftime('%Y-%m-%dT%H:%M:%S Z') }}"> {{ momentjs(post.timestamp).fromNow() }}</a>:</i><br>{{ post.body|markdown }}</div>
TemplateAssertionError: no filter named 'markdown'
2016-05-23 22:53:30,368 INFO: microblog startup [in /home/hank/code/flask/microblog/app/__init__.py:34]
2016-05-23 22:53:30,768 INFO: microblog startup [in /home/hank/code/flask/microblog/app/__init__.py:34]
2016-05-23 22:57:43,496 INFO: microblog startup [in /home/hank/code/flask/microblog/app/__init__.py:37]
2016-05-23 22:57:43,887 INFO: microblog startup [in /home/hank/code/flask/microblog/app/__init__.py:37]
2016-05-23 23:09:39,154 INFO: microblog startup [in /home/hank/code/flask/microblog/app/__init__.py:37]
2016-05-23 23:12:49,457 INFO: microblog startup [in /home/hank/code/flask/microblog/app/__init__.py:37]
2016-05-23 23:13:31,503 INFO: microblog startup [in /home/hank/code/flask/microblog/app/__init__.py:37]
2016-05-24 03:23:06,905 INFO: microblog startup [in /var/www/microblog/app/__init__.py:37]
2016-05-24 03:26:06,903 INFO: microblog startup [in /var/www/microblog/app/__init__.py:37]
2016-05-24 03:28:49,128 INFO: microblog startup [in /var/www/microblog/app/__init__.py:37]
2016-05-24 03:31:22,021 INFO: microblog startup [in /var/www/microblog/app/__init__.py:37]
2016-05-24 03:31:22,335 INFO: microblog startup [in /var/www/microblog/app/__init__.py:37]
2016-05-24 03:43:18,052 INFO: microblog startup [in /var/www/microblog/app/__init__.py:37]
2016-05-24 03:43:18,477 INFO: microblog startup [in /var/www/microblog/app/__init__.py:37]
2016-05-24 03:43:50,539 INFO: microblog startup [in /var/www/microblog/app/__init__.py:37]
2016-05-24 03:44:23,949 ERROR: Exception on /callback/twitter [GET] [in /var/www/microblog/flask/local/lib/python2.7/site-packages/flask/app.py:1423]
Traceback (most recent call last):
  File "/var/www/microblog/flask/local/lib/python2.7/site-packages/flask/app.py", line 1817, in wsgi_app
    response = self.full_dispatch_request()
  File "/var/www/microblog/flask/local/lib/python2.7/site-packages/flask/app.py", line 1477, in full_dispatch_request
    rv = self.handle_user_exception(e)
  File "/var/www/microblog/flask/local/lib/python2.7/site-packages/flask/app.py", line 1381, in handle_user_exception
    reraise(exc_type, exc_value, tb)
  File "/var/www/microblog/flask/local/lib/python2.7/site-packages/flask/app.py", line 1475, in full_dispatch_request
    rv = self.dispatch_request()
  File "/var/www/microblog/flask/local/lib/python2.7/site-packages/flask/app.py", line 1461, in dispatch_request
    return self.view_functions[rule.endpoint](**req.view_args)
  File "/var/www/microblog/flask/local/lib/python2.7/site-packages/flask_oauthlib/client.py", line 697, in decorated
    return f(*((data,) + args), **kwargs)
  File "/var/www/microblog/app/views.py", line 158, in oauth_callback_tw
    validate_user(social_id, handle, email)
  File "/var/www/microblog/app/views.py", line 202, in validate_user
    user = User.query.filter_by(social_id=social_id).first()
  File "/var/www/microblog/flask/local/lib/python2.7/site-packages/sqlalchemy/orm/query.py", line 2341, in first
    ret = list(self[0:1])
  File "/var/www/microblog/flask/local/lib/python2.7/site-packages/sqlalchemy/orm/query.py", line 2208, in __getitem__
    return list(res)
  File "/var/www/microblog/flask/local/lib/python2.7/site-packages/sqlalchemy/orm/query.py", line 2412, in __iter__
    return self._execute_and_instances(context)
  File "/var/www/microblog/flask/local/lib/python2.7/site-packages/sqlalchemy/orm/query.py", line 2427, in _execute_and_instances
    result = conn.execute(querycontext.statement, self._params)
  File "/var/www/microblog/flask/local/lib/python2.7/site-packages/sqlalchemy/engine/base.py", line 729, in execute
    return meth(self, multiparams, params)
  File "/var/www/microblog/flask/local/lib/python2.7/site-packages/sqlalchemy/sql/elements.py", line 321, in _execute_on_connection
    return connection._execute_clauseelement(self, multiparams, params)
  File "/var/www/microblog/flask/local/lib/python2.7/site-packages/sqlalchemy/engine/base.py", line 826, in _execute_clauseelement
    compiled_sql, distilled_params
  File "/var/www/microblog/flask/local/lib/python2.7/site-packages/sqlalchemy/engine/base.py", line 958, in _execute_context
    context)
  File "/var/www/microblog/flask/local/lib/python2.7/site-packages/sqlalchemy/engine/base.py", line 1160, in _handle_dbapi_exception
    exc_info
  File "/var/www/microblog/flask/local/lib/python2.7/site-packages/sqlalchemy/util/compat.py", line 199, in raise_from_cause
    reraise(type(exception), exception, tb=exc_tb)
  File "/var/www/microblog/flask/local/lib/python2.7/site-packages/sqlalchemy/engine/base.py", line 951, in _execute_context
    context)
  File "/var/www/microblog/flask/local/lib/python2.7/site-packages/sqlalchemy/engine/default.py", line 436, in do_execute
    cursor.execute(statement, parameters)
OperationalError: (OperationalError) no such table: user u'SELECT user.id AS user_id, user.handle AS user_handle, user.email AS user_email, user.social_id AS user_social_id, user.about_me AS user_about_me, user.last_seen AS user_last_seen, user.pic_url AS user_pic_url \nFROM user \nWHERE user.social_id = ?\n LIMIT ? OFFSET ?' (u'$twitter:26400555', 1, 0)
2016-05-24 03:55:07,698 INFO: microblog startup [in /var/www/microblog/app/__init__.py:37]
2016-05-24 03:55:08,053 INFO: microblog startup [in /var/www/microblog/app/__init__.py:37]
2016-05-24 05:03:47,520 INFO: microblog startup [in /var/www/microblog/app/__init__.py:37]
2016-05-24 05:06:18,479 INFO: microblog startup [in /var/www/microblog/app/__init__.py:37]
2016-05-24 18:22:06,211 INFO: microblog startup [in /var/www/microblog/app/__init__.py:37]
2016-05-24 18:32:36,773 INFO: microblog startup [in /var/www/microblog/app/__init__.py:37]
2016-05-31 22:23:23,400 INFO: microblog startup [in /var/www/microblog/app/__init__.py:37]
2016-05-31 22:41:56,342 INFO: microblog startup [in /var/www/microblog/app/__init__.py:37]
2016-05-31 22:52:57,832 INFO: microblog startup [in /var/www/microblog/app/__init__.py:37]
2016-05-31 22:53:04,292 INFO: microblog startup [in /var/www/microblog/app/__init__.py:37]
2016-05-31 22:53:46,974 INFO: microblog startup [in /var/www/microblog/app/__init__.py:37]
2016-05-31 22:54:16,273 INFO: microblog startup [in /var/www/microblog/app/__init__.py:37]
2016-05-31 22:55:32,662 ERROR: Exception on /callback/twitter [GET] [in /var/www/microblog/flask/local/lib/python2.7/site-packages/flask/app.py:1423]
Traceback (most recent call last):
  File "/var/www/microblog/flask/local/lib/python2.7/site-packages/flask/app.py", line 1817, in wsgi_app
    response = self.full_dispatch_request()
  File "/var/www/microblog/flask/local/lib/python2.7/site-packages/flask/app.py", line 1477, in full_dispatch_request
    rv = self.handle_user_exception(e)
  File "/var/www/microblog/flask/local/lib/python2.7/site-packages/flask/app.py", line 1381, in handle_user_exception
    reraise(exc_type, exc_value, tb)
  File "/var/www/microblog/flask/local/lib/python2.7/site-packages/flask/app.py", line 1475, in full_dispatch_request
    rv = self.dispatch_request()
  File "/var/www/microblog/flask/local/lib/python2.7/site-packages/flask/app.py", line 1461, in dispatch_request
    return self.view_functions[rule.endpoint](**req.view_args)
  File "/var/www/microblog/flask/local/lib/python2.7/site-packages/flask_oauthlib/client.py", line 697, in decorated
    return f(*((data,) + args), **kwargs)
  File "/var/www/microblog/app/views.py", line 158, in oauth_callback_tw
    validate_user(social_id, handle, email)
  File "/var/www/microblog/app/views.py", line 202, in validate_user
    user = User.query.filter_by(social_id=social_id).first()
  File "/var/www/microblog/flask/local/lib/python2.7/site-packages/sqlalchemy/orm/query.py", line 2341, in first
    ret = list(self[0:1])
  File "/var/www/microblog/flask/local/lib/python2.7/site-packages/sqlalchemy/orm/query.py", line 2208, in __getitem__
    return list(res)
  File "/var/www/microblog/flask/local/lib/python2.7/site-packages/sqlalchemy/orm/query.py", line 2412, in __iter__
    return self._execute_and_instances(context)
  File "/var/www/microblog/flask/local/lib/python2.7/site-packages/sqlalchemy/orm/query.py", line 2427, in _execute_and_instances
    result = conn.execute(querycontext.statement, self._params)
  File "/var/www/microblog/flask/local/lib/python2.7/site-packages/sqlalchemy/engine/base.py", line 729, in execute
    return meth(self, multiparams, params)
  File "/var/www/microblog/flask/local/lib/python2.7/site-packages/sqlalchemy/sql/elements.py", line 321, in _execute_on_connection
    return connection._execute_clauseelement(self, multiparams, params)
  File "/var/www/microblog/flask/local/lib/python2.7/site-packages/sqlalchemy/engine/base.py", line 826, in _execute_clauseelement
    compiled_sql, distilled_params
  File "/var/www/microblog/flask/local/lib/python2.7/site-packages/sqlalchemy/engine/base.py", line 958, in _execute_context
    context)
  File "/var/www/microblog/flask/local/lib/python2.7/site-packages/sqlalchemy/engine/base.py", line 1160, in _handle_dbapi_exception
    exc_info
  File "/var/www/microblog/flask/local/lib/python2.7/site-packages/sqlalchemy/util/compat.py", line 199, in raise_from_cause
    reraise(type(exception), exception, tb=exc_tb)
  File "/var/www/microblog/flask/local/lib/python2.7/site-packages/sqlalchemy/engine/base.py", line 951, in _execute_context
    context)
  File "/var/www/microblog/flask/local/lib/python2.7/site-packages/sqlalchemy/engine/default.py", line 436, in do_execute
    cursor.execute(statement, parameters)
  File "/var/www/microblog/flask/local/lib/python2.7/site-packages/MySQLdb/cursors.py", line 205, in execute
    self.errorhandler(self, exc, value)
  File "/var/www/microblog/flask/local/lib/python2.7/site-packages/MySQLdb/connections.py", line 36, in defaulterrorhandler
    raise errorclass, errorvalue
ProgrammingError: (ProgrammingError) (1146, "Table 'apps.user' doesn't exist") 'SELECT user.id AS user_id, user.handle AS user_handle, user.email AS user_email, user.social_id AS user_social_id, user.about_me AS user_about_me, user.last_seen AS user_last_seen, user.pic_url AS user_pic_url \nFROM user \nWHERE user.social_id = %s \n LIMIT %s' ('$twitter:26400555', 1)
2016-05-31 23:18:29,702 INFO: microblog startup [in /var/www/microblog/app/__init__.py:37]
2016-06-01 00:10:30,530 INFO: microblog startup [in /var/www/microblog/app/__init__.py:37]
2016-06-01 00:11:00,251 INFO: microblog startup [in /var/www/microblog/app/__init__.py:37]
2016-06-01 00:18:00,701 INFO: microblog startup [in /var/www/microblog/app/__init__.py:37]
2016-06-01 00:18:32,985 INFO: microblog startup [in /var/www/microblog/app/__init__.py:37]
2016-06-01 00:21:12,725 INFO: microblog startup [in /var/www/microblog/app/__init__.py:37]
2016-06-01 00:23:33,303 INFO: microblog startup [in /var/www/microblog/app/__init__.py:37]
2016-06-01 00:26:21,281 INFO: microblog startup [in /var/www/microblog/app/__init__.py:37]
2016-06-01 00:31:55,578 INFO: microblog startup [in /var/www/microblog/app/__init__.py:37]
2016-06-20 21:17:35,728 INFO: microblog startup [in /var/www/microblog/app/__init__.py:37]
2016-06-20 21:30:35,295 INFO: microblog startup [in /var/www/microblog/app/__init__.py:37]
2016-06-20 21:44:18,920 INFO: microblog startup [in /var/www/microblog/app/__init__.py:37]
